2025-04-17 14:19:52,853 INFO o.a.j.u.JMeterUtils: Setting Locale to en_EN
2025-04-17 14:19:52,869 INFO o.a.j.JMeter: Loading user properties from: /opt/jmeter/bin/user.properties
2025-04-17 14:19:52,870 INFO o.a.j.JMeter: Loading system properties from: /opt/jmeter/bin/system.properties
2025-04-17 14:19:52,875 INFO o.a.j.JMeter: Copyright (c) 1998-2024 The Apache Software Foundation
2025-04-17 14:19:52,875 INFO o.a.j.JMeter: Version 5.6.3
2025-04-17 14:19:52,875 INFO o.a.j.JMeter: java.version=21.0.6
2025-04-17 14:19:52,875 INFO o.a.j.JMeter: java.vm.name=OpenJDK 64-Bit Server VM
2025-04-17 14:19:52,875 INFO o.a.j.JMeter: os.name=Linux
2025-04-17 14:19:52,875 INFO o.a.j.JMeter: os.arch=amd64
2025-04-17 14:19:52,875 INFO o.a.j.JMeter: os.version=6.14.2-zen1-1-zen
2025-04-17 14:19:52,875 INFO o.a.j.JMeter: file.encoding=UTF-8
2025-04-17 14:19:52,875 INFO o.a.j.JMeter: java.awt.headless=null
2025-04-17 14:19:52,876 INFO o.a.j.JMeter: Max memory     =1073741824
2025-04-17 14:19:52,876 INFO o.a.j.JMeter: Available Processors =12
2025-04-17 14:19:52,884 INFO o.a.j.JMeter: Default Locale=English (EN)
2025-04-17 14:19:52,884 INFO o.a.j.JMeter: JMeter  Locale=English (EN)
2025-04-17 14:19:52,884 INFO o.a.j.JMeter: JMeterHome=/opt/jmeter
2025-04-17 14:19:52,884 INFO o.a.j.JMeter: user.dir  =/home/xxxvrairajel69xxx/Documents/Master/M1/SEM2/TEST/tp-tests-java
2025-04-17 14:19:52,885 INFO o.a.j.JMeter: PWD       =/home/xxxvrairajel69xxx/Documents/Master/M1/SEM2/TEST/tp-tests-java
2025-04-17 14:19:52,885 INFO o.a.j.JMeter: IP: 127.0.1.1 Name: T-34 FullName: T-34
2025-04-17 14:19:52,898 INFO o.a.j.JMeter: Loaded icon properties from org/apache/jmeter/images/icon.properties
2025-04-17 14:19:53,123 INFO o.a.j.JMeterGuiLauncher: Setting LAF to: com.github.weisj.darklaf.DarkLaf:com.github.weisj.darklaf.theme.DarculaTheme
2025-04-17 14:19:59,327 INFO o.a.j.s.FileServer: Default base='/home/xxxvrairajel69xxx/Documents/Master/M1/SEM2/TEST/tp-tests-java'
2025-04-17 14:19:59,330 INFO o.a.j.g.a.Load: Loading file: /home/xxxvrairajel69xxx/Documents/Master/M1/SEM2/TEST/tp-tests-java/TEST_PLAN.jmx
2025-04-17 14:19:59,330 INFO o.a.j.s.FileServer: Set new base='/home/xxxvrairajel69xxx/Documents/Master/M1/SEM2/TEST/tp-tests-java'
2025-04-17 14:19:59,494 INFO o.a.j.s.SaveService: Testplan (JMX) version: 2.2. Testlog (JTL) version: 2.2
2025-04-17 14:19:59,518 INFO o.a.j.s.SaveService: Using SaveService properties version 5.0
2025-04-17 14:19:59,520 INFO o.a.j.s.SaveService: Using SaveService properties file encoding UTF-8
2025-04-17 14:19:59,521 INFO o.a.j.s.SaveService: Loading file: /home/xxxvrairajel69xxx/Documents/Master/M1/SEM2/TEST/tp-tests-java/TEST_PLAN.jmx
2025-04-17 14:19:59,547 INFO o.a.j.p.h.s.HTTPSamplerBase: Parser for text/html is org.apache.jmeter.protocol.http.parser.LagartoBasedHtmlParser
2025-04-17 14:19:59,547 INFO o.a.j.p.h.s.HTTPSamplerBase: Parser for application/xhtml+xml is org.apache.jmeter.protocol.http.parser.LagartoBasedHtmlParser
2025-04-17 14:19:59,547 INFO o.a.j.p.h.s.HTTPSamplerBase: Parser for application/xml is org.apache.jmeter.protocol.http.parser.LagartoBasedHtmlParser
2025-04-17 14:19:59,547 INFO o.a.j.p.h.s.HTTPSamplerBase: Parser for text/xml is org.apache.jmeter.protocol.http.parser.LagartoBasedHtmlParser
2025-04-17 14:19:59,547 INFO o.a.j.p.h.s.HTTPSamplerBase: Parser for text/vnd.wap.wml is org.apache.jmeter.protocol.http.parser.RegexpHTMLParser
2025-04-17 14:19:59,547 INFO o.a.j.p.h.s.HTTPSamplerBase: Parser for text/css is org.apache.jmeter.protocol.http.parser.CssParser
2025-04-17 14:20:01,488 INFO o.a.j.s.SampleResult: Note: Sample TimeStamps are START times
2025-04-17 14:20:01,489 INFO o.a.j.s.SampleResult: sampleresult.default.encoding is set to UTF-8
2025-04-17 14:20:01,489 INFO o.a.j.s.SampleResult: sampleresult.useNanoTime=true
2025-04-17 14:20:01,489 INFO o.a.j.s.SampleResult: sampleresult.nanoThreadSleep=5000
2025-04-17 14:20:01,774 INFO o.a.j.s.FileServer: Set new base='/home/xxxvrairajel69xxx/Documents/Master/M1/SEM2/TEST/tp-tests-java'
2025-04-17 14:20:16,955 ERROR o.a.j.g.a.Save: Could not backup file! Backup directory does not exist, is not a directory or could not be created ! </opt/jmeter/backups>
2025-04-17 14:20:16,983 INFO o.a.j.e.StandardJMeterEngine: Running the test!
2025-04-17 14:20:16,984 INFO o.a.j.s.SampleEvent: List of sample_variables: []
2025-04-17 14:20:16,984 INFO o.a.j.s.SampleEvent: List of sample_variables: []
2025-04-17 14:20:16,985 INFO o.a.j.e.u.CompoundVariable: Note: Function class names must contain the string: '.functions.'
2025-04-17 14:20:16,985 INFO o.a.j.e.u.CompoundVariable: Note: Function class names must not contain the string: '.gui.'
2025-04-17 14:20:17,029 INFO o.a.j.g.u.JMeterMenuBar: setRunning(true, *local*)
2025-04-17 14:20:17,061 INFO o.a.j.e.StandardJMeterEngine: Starting ThreadGroup: 1 : Scenario 1: Get Cars List
2025-04-17 14:20:17,062 INFO o.a.j.e.StandardJMeterEngine: Starting 100 threads for group Scenario 1: Get Cars List.
2025-04-17 14:20:17,062 INFO o.a.j.e.StandardJMeterEngine: Thread will continue on error
2025-04-17 14:20:17,062 INFO o.a.j.t.ThreadGroup: Starting thread group... number=1 threads=100 ramp-up=60 delayedStart=false
2025-04-17 14:20:17,066 INFO o.a.j.t.JMeterThread: Thread started: Scenario 1: Get Cars List 1-1
2025-04-17 14:20:17,085 INFO o.a.j.p.h.s.HTTPHCAbstractImpl: Local host = T-34
2025-04-17 14:20:17,088 INFO o.a.j.t.ThreadGroup: Started thread group number 1
2025-04-17 14:20:17,089 INFO o.a.j.e.StandardJMeterEngine: Starting ThreadGroup: 2 : Scenario 2: Rent Cars
2025-04-17 14:20:17,089 INFO o.a.j.e.StandardJMeterEngine: Starting 50 threads for group Scenario 2: Rent Cars.
2025-04-17 14:20:17,089 INFO o.a.j.e.StandardJMeterEngine: Thread will continue on error
2025-04-17 14:20:17,089 INFO o.a.j.t.ThreadGroup: Starting thread group... number=2 threads=50 ramp-up=30 delayedStart=false
2025-04-17 14:20:17,095 INFO o.a.j.t.JMeterThread: Thread started: Scenario 2: Rent Cars 2-1
2025-04-17 14:20:17,096 INFO o.a.j.s.FileServer: Stored: car_registrations.csv
2025-04-17 14:20:17,098 INFO o.a.j.p.h.s.HTTPHC4Impl: HTTP request retry count = 0
2025-04-17 14:20:17,102 INFO o.a.j.t.ThreadGroup: Started thread group number 2
2025-04-17 14:20:17,102 INFO o.a.j.e.StandardJMeterEngine: Starting ThreadGroup: 3 : Scenario 3: Return Cars
2025-04-17 14:20:17,102 INFO o.a.j.e.StandardJMeterEngine: Starting 30 threads for group Scenario 3: Return Cars.
2025-04-17 14:20:17,102 INFO o.a.j.e.StandardJMeterEngine: Thread will continue on error
2025-04-17 14:20:17,102 INFO o.a.j.t.ThreadGroup: Starting thread group... number=3 threads=30 ramp-up=20 delayedStart=false
2025-04-17 14:20:17,103 INFO o.a.j.t.JMeterThread: Thread started: Scenario 3: Return Cars 3-1
2025-04-17 14:20:17,109 INFO o.a.j.t.ThreadGroup: Started thread group number 3
2025-04-17 14:20:17,109 INFO o.a.j.e.StandardJMeterEngine: All thread groups have been started
2025-04-17 14:20:17,254 INFO o.a.j.t.JMeterThread: Thread is done: Scenario 1: Get Cars List 1-1
2025-04-17 14:20:17,254 INFO o.a.j.t.JMeterThread: Thread finished: Scenario 1: Get Cars List 1-1
2025-04-17 14:20:17,260 INFO o.a.j.t.JMeterThread: Thread is done: Scenario 2: Rent Cars 2-1
2025-04-17 14:20:17,261 INFO o.a.j.t.JMeterThread: Thread finished: Scenario 2: Rent Cars 2-1
2025-04-17 14:20:17,262 INFO o.a.j.t.JMeterThread: Thread is done: Scenario 3: Return Cars 3-1
2025-04-17 14:20:17,262 INFO o.a.j.t.JMeterThread: Thread finished: Scenario 3: Return Cars 3-1
2025-04-17 14:20:17,663 INFO o.a.j.t.JMeterThread: Thread started: Scenario 1: Get Cars List 1-2
2025-04-17 14:20:17,670 INFO o.a.j.t.JMeterThread: Thread is done: Scenario 1: Get Cars List 1-2
2025-04-17 14:20:17,670 INFO o.a.j.t.JMeterThread: Thread finished: Scenario 1: Get Cars List 1-2
2025-04-17 14:20:17,695 INFO o.a.j.t.JMeterThread: Thread started: Scenario 2: Rent Cars 2-2
2025-04-17 14:20:17,700 INFO o.a.j.t.JMeterThread: Thread is done: Scenario 2: Rent Cars 2-2
2025-04-17 14:20:17,701 INFO o.a.j.t.JMeterThread: Thread finished: Scenario 2: Rent Cars 2-2
2025-04-17 14:20:17,771 INFO o.a.j.t.JMeterThread: Thread started: Scenario 3: Return Cars 3-2
2025-04-17 14:20:17,775 INFO o.a.j.t.JMeterThread: Thread is done: Scenario 3: Return Cars 3-2
2025-04-17 14:20:17,776 INFO o.a.j.t.JMeterThread: Thread finished: Scenario 3: Return Cars 3-2
2025-04-17 14:20:18,263 INFO o.a.j.t.JMeterThread: Thread started: Scenario 1: Get Cars List 1-3
2025-04-17 14:20:18,277 INFO o.a.j.t.JMeterThread: Thread is done: Scenario 1: Get Cars List 1-3
2025-04-17 14:20:18,277 INFO o.a.j.t.JMeterThread: Thread finished: Scenario 1: Get Cars List 1-3
2025-04-17 14:20:18,295 INFO o.a.j.t.JMeterThread: Thread started: Scenario 2: Rent Cars 2-3
2025-04-17 14:20:18,302 INFO o.a.j.t.JMeterThread: Thread is done: Scenario 2: Rent Cars 2-3
2025-04-17 14:20:18,302 INFO o.a.j.t.JMeterThread: Thread finished: Scenario 2: Rent Cars 2-3
2025-04-17 14:20:18,437 INFO o.a.j.t.JMeterThread: Thread started: Scenario 3: Return Cars 3-3
2025-04-17 14:20:18,442 INFO o.a.j.t.JMeterThread: Thread is done: Scenario 3: Return Cars 3-3
2025-04-17 14:20:18,442 INFO o.a.j.t.JMeterThread: Thread finished: Scenario 3: Return Cars 3-3
2025-04-17 14:20:18,863 INFO o.a.j.t.JMeterThread: Thread started: Scenario 1: Get Cars List 1-4
2025-04-17 14:20:18,868 INFO o.a.j.t.JMeterThread: Thread is done: Scenario 1: Get Cars List 1-4
2025-04-17 14:20:18,868 INFO o.a.j.t.JMeterThread: Thread finished: Scenario 1: Get Cars List 1-4
2025-04-17 14:20:18,894 INFO o.a.j.t.JMeterThread: Thread started: Scenario 2: Rent Cars 2-4
2025-04-17 14:20:18,898 INFO o.a.j.t.JMeterThread: Thread is done: Scenario 2: Rent Cars 2-4
2025-04-17 14:20:18,898 INFO o.a.j.t.JMeterThread: Thread finished: Scenario 2: Rent Cars 2-4
2025-04-17 14:20:19,105 INFO o.a.j.t.JMeterThread: Thread started: Scenario 3: Return Cars 3-4
2025-04-17 14:20:19,117 INFO o.a.j.t.JMeterThread: Thread is done: Scenario 3: Return Cars 3-4
2025-04-17 14:20:19,117 INFO o.a.j.t.JMeterThread: Thread finished: Scenario 3: Return Cars 3-4
2025-04-17 14:20:19,464 INFO o.a.j.t.JMeterThread: Thread started: Scenario 1: Get Cars List 1-5
2025-04-17 14:20:19,477 INFO o.a.j.t.JMeterThread: Thread is done: Scenario 1: Get Cars List 1-5
2025-04-17 14:20:19,477 INFO o.a.j.t.JMeterThread: Thread finished: Scenario 1: Get Cars List 1-5
2025-04-17 14:20:19,493 INFO o.a.j.t.JMeterThread: Thread started: Scenario 2: Rent Cars 2-5
2025-04-17 14:20:19,497 INFO o.a.j.t.JMeterThread: Thread is done: Scenario 2: Rent Cars 2-5
2025-04-17 14:20:19,498 INFO o.a.j.t.JMeterThread: Thread finished: Scenario 2: Rent Cars 2-5
2025-04-17 14:20:19,772 INFO o.a.j.t.JMeterThread: Thread started: Scenario 3: Return Cars 3-5
2025-04-17 14:20:19,777 INFO o.a.j.t.JMeterThread: Thread is done: Scenario 3: Return Cars 3-5
2025-04-17 14:20:19,778 INFO o.a.j.t.JMeterThread: Thread finished: Scenario 3: Return Cars 3-5
2025-04-17 14:20:20,062 INFO o.a.j.t.JMeterThread: Thread started: Scenario 1: Get Cars List 1-6
2025-04-17 14:20:20,068 INFO o.a.j.t.JMeterThread: Thread is done: Scenario 1: Get Cars List 1-6
2025-04-17 14:20:20,068 INFO o.a.j.t.JMeterThread: Thread finished: Scenario 1: Get Cars List 1-6
2025-04-17 14:20:20,094 INFO o.a.j.t.JMeterThread: Thread started: Scenario 2: Rent Cars 2-6
2025-04-17 14:20:20,106 INFO o.a.j.t.JMeterThread: Thread is done: Scenario 2: Rent Cars 2-6
2025-04-17 14:20:20,106 INFO o.a.j.t.JMeterThread: Thread finished: Scenario 2: Rent Cars 2-6
2025-04-17 14:20:20,439 INFO o.a.j.t.JMeterThread: Thread started: Scenario 3: Return Cars 3-6
2025-04-17 14:20:20,446 INFO o.a.j.t.JMeterThread: Thread is done: Scenario 3: Return Cars 3-6
2025-04-17 14:20:20,446 INFO o.a.j.t.JMeterThread: Thread finished: Scenario 3: Return Cars 3-6
2025-04-17 14:20:20,662 INFO o.a.j.t.JMeterThread: Thread started: Scenario 1: Get Cars List 1-7
2025-04-17 14:20:20,676 INFO o.a.j.t.JMeterThread: Thread is done: Scenario 1: Get Cars List 1-7
2025-04-17 14:20:20,676 INFO o.a.j.t.JMeterThread: Thread finished: Scenario 1: Get Cars List 1-7
2025-04-17 14:20:20,693 INFO o.a.j.t.JMeterThread: Thread started: Scenario 2: Rent Cars 2-7
2025-04-17 14:20:20,700 INFO o.a.j.t.JMeterThread: Thread is done: Scenario 2: Rent Cars 2-7
2025-04-17 14:20:20,700 INFO o.a.j.t.JMeterThread: Thread finished: Scenario 2: Rent Cars 2-7
2025-04-17 14:20:21,105 INFO o.a.j.t.JMeterThread: Thread started: Scenario 3: Return Cars 3-7
2025-04-17 14:20:21,110 INFO o.a.j.t.JMeterThread: Thread is done: Scenario 3: Return Cars 3-7
2025-04-17 14:20:21,110 INFO o.a.j.t.JMeterThread: Thread finished: Scenario 3: Return Cars 3-7
2025-04-17 14:20:21,263 INFO o.a.j.t.JMeterThread: Thread started: Scenario 1: Get Cars List 1-8
2025-04-17 14:20:21,278 INFO o.a.j.t.JMeterThread: Thread is done: Scenario 1: Get Cars List 1-8
2025-04-17 14:20:21,278 INFO o.a.j.t.JMeterThread: Thread finished: Scenario 1: Get Cars List 1-8
2025-04-17 14:20:21,294 INFO o.a.j.t.JMeterThread: Thread started: Scenario 2: Rent Cars 2-8
2025-04-17 14:20:21,301 INFO o.a.j.t.JMeterThread: Thread is done: Scenario 2: Rent Cars 2-8
2025-04-17 14:20:21,301 INFO o.a.j.t.JMeterThread: Thread finished: Scenario 2: Rent Cars 2-8
2025-04-17 14:20:21,772 INFO o.a.j.t.JMeterThread: Thread started: Scenario 3: Return Cars 3-8
2025-04-17 14:20:21,779 INFO o.a.j.t.JMeterThread: Thread is done: Scenario 3: Return Cars 3-8
2025-04-17 14:20:21,779 INFO o.a.j.t.JMeterThread: Thread finished: Scenario 3: Return Cars 3-8
2025-04-17 14:20:21,862 INFO o.a.j.t.JMeterThread: Thread started: Scenario 1: Get Cars List 1-9
2025-04-17 14:20:21,868 INFO o.a.j.t.JMeterThread: Thread is done: Scenario 1: Get Cars List 1-9
2025-04-17 14:20:21,868 INFO o.a.j.t.JMeterThread: Thread finished: Scenario 1: Get Cars List 1-9
2025-04-17 14:20:21,894 INFO o.a.j.t.JMeterThread: Thread started: Scenario 2: Rent Cars 2-9
2025-04-17 14:20:21,899 INFO o.a.j.t.JMeterThread: Thread is done: Scenario 2: Rent Cars 2-9
2025-04-17 14:20:21,899 INFO o.a.j.t.JMeterThread: Thread finished: Scenario 2: Rent Cars 2-9
2025-04-17 14:20:22,441 INFO o.a.j.t.JMeterThread: Thread started: Scenario 3: Return Cars 3-9
2025-04-17 14:20:22,448 INFO o.a.j.t.JMeterThread: Thread is done: Scenario 3: Return Cars 3-9
2025-04-17 14:20:22,448 INFO o.a.j.t.JMeterThread: Thread finished: Scenario 3: Return Cars 3-9
2025-04-17 14:20:22,462 INFO o.a.j.t.JMeterThread: Thread started: Scenario 1: Get Cars List 1-10
2025-04-17 14:20:22,468 INFO o.a.j.t.JMeterThread: Thread is done: Scenario 1: Get Cars List 1-10
2025-04-17 14:20:22,469 INFO o.a.j.t.JMeterThread: Thread finished: Scenario 1: Get Cars List 1-10
2025-04-17 14:20:22,494 INFO o.a.j.t.JMeterThread: Thread started: Scenario 2: Rent Cars 2-10
2025-04-17 14:20:22,499 INFO o.a.j.t.JMeterThread: Thread is done: Scenario 2: Rent Cars 2-10
2025-04-17 14:20:22,499 INFO o.a.j.t.JMeterThread: Thread finished: Scenario 2: Rent Cars 2-10
2025-04-17 14:20:23,063 INFO o.a.j.t.JMeterThread: Thread started: Scenario 1: Get Cars List 1-11
2025-04-17 14:20:23,069 INFO o.a.j.t.JMeterThread: Thread is done: Scenario 1: Get Cars List 1-11
2025-04-17 14:20:23,069 INFO o.a.j.t.JMeterThread: Thread finished: Scenario 1: Get Cars List 1-11
2025-04-17 14:20:23,094 INFO o.a.j.t.JMeterThread: Thread started: Scenario 2: Rent Cars 2-11
2025-04-17 14:20:23,100 INFO o.a.j.t.JMeterThread: Thread is done: Scenario 2: Rent Cars 2-11
2025-04-17 14:20:23,100 INFO o.a.j.t.JMeterThread: Thread finished: Scenario 2: Rent Cars 2-11
2025-04-17 14:20:23,107 INFO o.a.j.t.JMeterThread: Thread started: Scenario 3: Return Cars 3-10
2025-04-17 14:20:23,115 INFO o.a.j.t.JMeterThread: Thread is done: Scenario 3: Return Cars 3-10
2025-04-17 14:20:23,115 INFO o.a.j.t.JMeterThread: Thread finished: Scenario 3: Return Cars 3-10
2025-04-17 14:20:23,662 INFO o.a.j.t.JMeterThread: Thread started: Scenario 1: Get Cars List 1-12
2025-04-17 14:20:23,667 INFO o.a.j.t.JMeterThread: Thread is done: Scenario 1: Get Cars List 1-12
2025-04-17 14:20:23,668 INFO o.a.j.t.JMeterThread: Thread finished: Scenario 1: Get Cars List 1-12
2025-04-17 14:20:23,694 INFO o.a.j.t.JMeterThread: Thread started: Scenario 2: Rent Cars 2-12
2025-04-17 14:20:23,699 INFO o.a.j.t.JMeterThread: Thread is done: Scenario 2: Rent Cars 2-12
2025-04-17 14:20:23,699 INFO o.a.j.t.JMeterThread: Thread finished: Scenario 2: Rent Cars 2-12
2025-04-17 14:20:23,773 INFO o.a.j.t.JMeterThread: Thread started: Scenario 3: Return Cars 3-11
2025-04-17 14:20:23,777 INFO o.a.j.t.JMeterThread: Thread is done: Scenario 3: Return Cars 3-11
2025-04-17 14:20:23,777 INFO o.a.j.t.JMeterThread: Thread finished: Scenario 3: Return Cars 3-11
2025-04-17 14:20:24,263 INFO o.a.j.t.JMeterThread: Thread started: Scenario 1: Get Cars List 1-13
2025-04-17 14:20:24,272 INFO o.a.j.t.JMeterThread: Thread is done: Scenario 1: Get Cars List 1-13
2025-04-17 14:20:24,272 INFO o.a.j.t.JMeterThread: Thread finished: Scenario 1: Get Cars List 1-13
2025-04-17 14:20:24,294 INFO o.a.j.t.JMeterThread: Thread started: Scenario 2: Rent Cars 2-13
2025-04-17 14:20:24,301 INFO o.a.j.t.JMeterThread: Thread is done: Scenario 2: Rent Cars 2-13
2025-04-17 14:20:24,301 INFO o.a.j.t.JMeterThread: Thread finished: Scenario 2: Rent Cars 2-13
2025-04-17 14:20:24,441 INFO o.a.j.t.JMeterThread: Thread started: Scenario 3: Return Cars 3-12
2025-04-17 14:20:24,448 INFO o.a.j.t.JMeterThread: Thread is done: Scenario 3: Return Cars 3-12
2025-04-17 14:20:24,448 INFO o.a.j.t.JMeterThread: Thread finished: Scenario 3: Return Cars 3-12
2025-04-17 14:20:24,863 INFO o.a.j.t.JMeterThread: Thread started: Scenario 1: Get Cars List 1-14
2025-04-17 14:20:24,871 INFO o.a.j.t.JMeterThread: Thread is done: Scenario 1: Get Cars List 1-14
2025-04-17 14:20:24,871 INFO o.a.j.t.JMeterThread: Thread finished: Scenario 1: Get Cars List 1-14
2025-04-17 14:20:24,891 INFO o.a.j.t.JMeterThread: Thread started: Scenario 2: Rent Cars 2-14
2025-04-17 14:20:24,896 INFO o.a.j.t.JMeterThread: Thread is done: Scenario 2: Rent Cars 2-14
2025-04-17 14:20:24,896 INFO o.a.j.t.JMeterThread: Thread finished: Scenario 2: Rent Cars 2-14
2025-04-17 14:20:25,108 INFO o.a.j.t.JMeterThread: Thread started: Scenario 3: Return Cars 3-13
2025-04-17 14:20:25,114 INFO o.a.j.t.JMeterThread: Thread is done: Scenario 3: Return Cars 3-13
2025-04-17 14:20:25,114 INFO o.a.j.t.JMeterThread: Thread finished: Scenario 3: Return Cars 3-13
2025-04-17 14:20:25,463 INFO o.a.j.t.JMeterThread: Thread started: Scenario 1: Get Cars List 1-15
2025-04-17 14:20:25,469 INFO o.a.j.t.JMeterThread: Thread is done: Scenario 1: Get Cars List 1-15
2025-04-17 14:20:25,469 INFO o.a.j.t.JMeterThread: Thread finished: Scenario 1: Get Cars List 1-15
2025-04-17 14:20:25,492 INFO o.a.j.t.JMeterThread: Thread started: Scenario 2: Rent Cars 2-15
2025-04-17 14:20:25,497 INFO o.a.j.t.JMeterThread: Thread is done: Scenario 2: Rent Cars 2-15
2025-04-17 14:20:25,497 INFO o.a.j.t.JMeterThread: Thread finished: Scenario 2: Rent Cars 2-15
2025-04-17 14:20:25,776 INFO o.a.j.t.JMeterThread: Thread started: Scenario 3: Return Cars 3-14
2025-04-17 14:20:25,789 INFO o.a.j.t.JMeterThread: Thread is done: Scenario 3: Return Cars 3-14
2025-04-17 14:20:25,789 INFO o.a.j.t.JMeterThread: Thread finished: Scenario 3: Return Cars 3-14
2025-04-17 14:20:26,063 INFO o.a.j.t.JMeterThread: Thread started: Scenario 1: Get Cars List 1-16
2025-04-17 14:20:26,068 INFO o.a.j.t.JMeterThread: Thread is done: Scenario 1: Get Cars List 1-16
2025-04-17 14:20:26,068 INFO o.a.j.t.JMeterThread: Thread finished: Scenario 1: Get Cars List 1-16
2025-04-17 14:20:26,091 INFO o.a.j.t.JMeterThread: Thread started: Scenario 2: Rent Cars 2-16
2025-04-17 14:20:26,097 INFO o.a.j.t.JMeterThread: Thread is done: Scenario 2: Rent Cars 2-16
2025-04-17 14:20:26,098 INFO o.a.j.t.JMeterThread: Thread finished: Scenario 2: Rent Cars 2-16
2025-04-17 14:20:26,443 INFO o.a.j.t.JMeterThread: Thread started: Scenario 3: Return Cars 3-15
2025-04-17 14:20:26,457 INFO o.a.j.t.JMeterThread: Thread is done: Scenario 3: Return Cars 3-15
2025-04-17 14:20:26,457 INFO o.a.j.t.JMeterThread: Thread finished: Scenario 3: Return Cars 3-15
2025-04-17 14:20:26,663 INFO o.a.j.t.JMeterThread: Thread started: Scenario 1: Get Cars List 1-17
2025-04-17 14:20:26,676 INFO o.a.j.t.JMeterThread: Thread is done: Scenario 1: Get Cars List 1-17
2025-04-17 14:20:26,676 INFO o.a.j.t.JMeterThread: Thread finished: Scenario 1: Get Cars List 1-17
2025-04-17 14:20:26,691 INFO o.a.j.t.JMeterThread: Thread started: Scenario 2: Rent Cars 2-17
2025-04-17 14:20:26,697 INFO o.a.j.t.JMeterThread: Thread is done: Scenario 2: Rent Cars 2-17
2025-04-17 14:20:26,697 INFO o.a.j.t.JMeterThread: Thread finished: Scenario 2: Rent Cars 2-17
2025-04-17 14:20:27,108 INFO o.a.j.t.JMeterThread: Thread started: Scenario 3: Return Cars 3-16
2025-04-17 14:20:27,114 INFO o.a.j.t.JMeterThread: Thread is done: Scenario 3: Return Cars 3-16
2025-04-17 14:20:27,114 INFO o.a.j.t.JMeterThread: Thread finished: Scenario 3: Return Cars 3-16
2025-04-17 14:20:27,263 INFO o.a.j.t.JMeterThread: Thread started: Scenario 1: Get Cars List 1-18
2025-04-17 14:20:27,277 INFO o.a.j.t.JMeterThread: Thread is done: Scenario 1: Get Cars List 1-18
2025-04-17 14:20:27,277 INFO o.a.j.t.JMeterThread: Thread finished: Scenario 1: Get Cars List 1-18
2025-04-17 14:20:27,290 INFO o.a.j.t.JMeterThread: Thread started: Scenario 2: Rent Cars 2-18
2025-04-17 14:20:27,296 INFO o.a.j.t.JMeterThread: Thread is done: Scenario 2: Rent Cars 2-18
2025-04-17 14:20:27,296 INFO o.a.j.t.JMeterThread: Thread finished: Scenario 2: Rent Cars 2-18
2025-04-17 14:20:27,775 INFO o.a.j.t.JMeterThread: Thread started: Scenario 3: Return Cars 3-17
2025-04-17 14:20:27,780 INFO o.a.j.t.JMeterThread: Thread is done: Scenario 3: Return Cars 3-17
2025-04-17 14:20:27,780 INFO o.a.j.t.JMeterThread: Thread finished: Scenario 3: Return Cars 3-17
2025-04-17 14:20:27,863 INFO o.a.j.t.JMeterThread: Thread started: Scenario 1: Get Cars List 1-19
2025-04-17 14:20:27,868 INFO o.a.j.t.JMeterThread: Thread is done: Scenario 1: Get Cars List 1-19
2025-04-17 14:20:27,868 INFO o.a.j.t.JMeterThread: Thread finished: Scenario 1: Get Cars List 1-19
2025-04-17 14:20:27,890 INFO o.a.j.t.JMeterThread: Thread started: Scenario 2: Rent Cars 2-19
2025-04-17 14:20:27,897 INFO o.a.j.t.JMeterThread: Thread is done: Scenario 2: Rent Cars 2-19
2025-04-17 14:20:27,897 INFO o.a.j.t.JMeterThread: Thread finished: Scenario 2: Rent Cars 2-19
2025-04-17 14:20:28,443 INFO o.a.j.t.JMeterThread: Thread started: Scenario 3: Return Cars 3-18
2025-04-17 14:20:28,463 INFO o.a.j.t.JMeterThread: Thread started: Scenario 1: Get Cars List 1-20
2025-04-17 14:20:28,469 INFO o.a.j.t.JMeterThread: Thread is done: Scenario 3: Return Cars 3-18
2025-04-17 14:20:28,470 INFO o.a.j.t.JMeterThread: Thread finished: Scenario 3: Return Cars 3-18
2025-04-17 14:20:28,473 INFO o.a.j.t.JMeterThread: Thread is done: Scenario 1: Get Cars List 1-20
2025-04-17 14:20:28,473 INFO o.a.j.t.JMeterThread: Thread finished: Scenario 1: Get Cars List 1-20
2025-04-17 14:20:28,489 INFO o.a.j.t.JMeterThread: Thread started: Scenario 2: Rent Cars 2-20
2025-04-17 14:20:28,494 INFO o.a.j.t.JMeterThread: Thread is done: Scenario 2: Rent Cars 2-20
2025-04-17 14:20:28,494 INFO o.a.j.t.JMeterThread: Thread finished: Scenario 2: Rent Cars 2-20
2025-04-17 14:20:29,063 INFO o.a.j.t.JMeterThread: Thread started: Scenario 1: Get Cars List 1-21
2025-04-17 14:20:29,068 INFO o.a.j.t.JMeterThread: Thread is done: Scenario 1: Get Cars List 1-21
2025-04-17 14:20:29,069 INFO o.a.j.t.JMeterThread: Thread finished: Scenario 1: Get Cars List 1-21
2025-04-17 14:20:29,090 INFO o.a.j.t.JMeterThread: Thread started: Scenario 2: Rent Cars 2-21
2025-04-17 14:20:29,096 INFO o.a.j.t.JMeterThread: Thread is done: Scenario 2: Rent Cars 2-21
2025-04-17 14:20:29,096 INFO o.a.j.t.JMeterThread: Thread finished: Scenario 2: Rent Cars 2-21
2025-04-17 14:20:29,110 INFO o.a.j.t.JMeterThread: Thread started: Scenario 3: Return Cars 3-19
2025-04-17 14:20:29,117 INFO o.a.j.t.JMeterThread: Thread is done: Scenario 3: Return Cars 3-19
2025-04-17 14:20:29,118 INFO o.a.j.t.JMeterThread: Thread finished: Scenario 3: Return Cars 3-19
2025-04-17 14:20:29,663 INFO o.a.j.t.JMeterThread: Thread started: Scenario 1: Get Cars List 1-22
2025-04-17 14:20:29,677 INFO o.a.j.t.JMeterThread: Thread is done: Scenario 1: Get Cars List 1-22
2025-04-17 14:20:29,677 INFO o.a.j.t.JMeterThread: Thread finished: Scenario 1: Get Cars List 1-22
2025-04-17 14:20:29,691 INFO o.a.j.t.JMeterThread: Thread started: Scenario 2: Rent Cars 2-22
2025-04-17 14:20:29,697 INFO o.a.j.t.JMeterThread: Thread is done: Scenario 2: Rent Cars 2-22
2025-04-17 14:20:29,697 INFO o.a.j.t.JMeterThread: Thread finished: Scenario 2: Rent Cars 2-22
2025-04-17 14:20:29,777 INFO o.a.j.t.JMeterThread: Thread started: Scenario 3: Return Cars 3-20
2025-04-17 14:20:29,781 INFO o.a.j.t.JMeterThread: Thread is done: Scenario 3: Return Cars 3-20
2025-04-17 14:20:29,782 INFO o.a.j.t.JMeterThread: Thread finished: Scenario 3: Return Cars 3-20
2025-04-17 14:20:30,262 INFO o.a.j.t.JMeterThread: Thread started: Scenario 1: Get Cars List 1-23
2025-04-17 14:20:30,267 INFO o.a.j.t.JMeterThread: Thread is done: Scenario 1: Get Cars List 1-23
2025-04-17 14:20:30,267 INFO o.a.j.t.JMeterThread: Thread finished: Scenario 1: Get Cars List 1-23
2025-04-17 14:20:30,290 INFO o.a.j.t.JMeterThread: Thread started: Scenario 2: Rent Cars 2-23
2025-04-17 14:20:30,294 INFO o.a.j.t.JMeterThread: Thread is done: Scenario 2: Rent Cars 2-23
2025-04-17 14:20:30,294 INFO o.a.j.t.JMeterThread: Thread finished: Scenario 2: Rent Cars 2-23
2025-04-17 14:20:30,443 INFO o.a.j.t.JMeterThread: Thread started: Scenario 3: Return Cars 3-21
2025-04-17 14:20:30,455 INFO o.a.j.t.JMeterThread: Thread is done: Scenario 3: Return Cars 3-21
2025-04-17 14:20:30,455 INFO o.a.j.t.JMeterThread: Thread finished: Scenario 3: Return Cars 3-21
2025-04-17 14:20:30,863 INFO o.a.j.t.JMeterThread: Thread started: Scenario 1: Get Cars List 1-24
2025-04-17 14:20:30,868 INFO o.a.j.t.JMeterThread: Thread is done: Scenario 1: Get Cars List 1-24
2025-04-17 14:20:30,868 INFO o.a.j.t.JMeterThread: Thread finished: Scenario 1: Get Cars List 1-24
2025-04-17 14:20:30,890 INFO o.a.j.t.JMeterThread: Thread started: Scenario 2: Rent Cars 2-24
2025-04-17 14:20:30,896 INFO o.a.j.t.JMeterThread: Thread is done: Scenario 2: Rent Cars 2-24
2025-04-17 14:20:30,897 INFO o.a.j.t.JMeterThread: Thread finished: Scenario 2: Rent Cars 2-24
2025-04-17 14:20:31,110 INFO o.a.j.t.JMeterThread: Thread started: Scenario 3: Return Cars 3-22
2025-04-17 14:20:31,116 INFO o.a.j.t.JMeterThread: Thread is done: Scenario 3: Return Cars 3-22
2025-04-17 14:20:31,116 INFO o.a.j.t.JMeterThread: Thread finished: Scenario 3: Return Cars 3-22
2025-04-17 14:20:31,462 INFO o.a.j.t.JMeterThread: Thread started: Scenario 1: Get Cars List 1-25
2025-04-17 14:20:31,474 INFO o.a.j.t.JMeterThread: Thread is done: Scenario 1: Get Cars List 1-25
2025-04-17 14:20:31,474 INFO o.a.j.t.JMeterThread: Thread finished: Scenario 1: Get Cars List 1-25
2025-04-17 14:20:31,490 INFO o.a.j.t.JMeterThread: Thread started: Scenario 2: Rent Cars 2-25
2025-04-17 14:20:31,495 INFO o.a.j.t.JMeterThread: Thread is done: Scenario 2: Rent Cars 2-25
2025-04-17 14:20:31,496 INFO o.a.j.t.JMeterThread: Thread finished: Scenario 2: Rent Cars 2-25
2025-04-17 14:20:31,777 INFO o.a.j.t.JMeterThread: Thread started: Scenario 3: Return Cars 3-23
2025-04-17 14:20:31,782 INFO o.a.j.t.JMeterThread: Thread is done: Scenario 3: Return Cars 3-23
2025-04-17 14:20:31,782 INFO o.a.j.t.JMeterThread: Thread finished: Scenario 3: Return Cars 3-23
2025-04-17 14:20:32,064 INFO o.a.j.t.JMeterThread: Thread started: Scenario 1: Get Cars List 1-26
2025-04-17 14:20:32,090 INFO o.a.j.t.JMeterThread: Thread started: Scenario 2: Rent Cars 2-26
2025-04-17 14:20:32,105 INFO o.a.j.t.JMeterThread: Thread is done: Scenario 1: Get Cars List 1-26
2025-04-17 14:20:32,105 INFO o.a.j.t.JMeterThread: Thread finished: Scenario 1: Get Cars List 1-26
2025-04-17 14:20:32,106 INFO o.a.j.t.JMeterThread: Thread is done: Scenario 2: Rent Cars 2-26
2025-04-17 14:20:32,106 INFO o.a.j.t.JMeterThread: Thread finished: Scenario 2: Rent Cars 2-26
2025-04-17 14:20:32,446 INFO o.a.j.t.JMeterThread: Thread started: Scenario 3: Return Cars 3-24
2025-04-17 14:20:32,451 INFO o.a.j.t.JMeterThread: Thread is done: Scenario 3: Return Cars 3-24
2025-04-17 14:20:32,452 INFO o.a.j.t.JMeterThread: Thread finished: Scenario 3: Return Cars 3-24
2025-04-17 14:20:32,663 INFO o.a.j.t.JMeterThread: Thread started: Scenario 1: Get Cars List 1-27
2025-04-17 14:20:32,672 INFO o.a.j.t.JMeterThread: Thread is done: Scenario 1: Get Cars List 1-27
2025-04-17 14:20:32,672 INFO o.a.j.t.JMeterThread: Thread finished: Scenario 1: Get Cars List 1-27
2025-04-17 14:20:32,690 INFO o.a.j.t.JMeterThread: Thread started: Scenario 2: Rent Cars 2-27
2025-04-17 14:20:32,695 INFO o.a.j.t.JMeterThread: Thread is done: Scenario 2: Rent Cars 2-27
2025-04-17 14:20:32,695 INFO o.a.j.t.JMeterThread: Thread finished: Scenario 2: Rent Cars 2-27
2025-04-17 14:20:33,111 INFO o.a.j.t.JMeterThread: Thread started: Scenario 3: Return Cars 3-25
2025-04-17 14:20:33,117 INFO o.a.j.t.JMeterThread: Thread is done: Scenario 3: Return Cars 3-25
2025-04-17 14:20:33,117 INFO o.a.j.t.JMeterThread: Thread finished: Scenario 3: Return Cars 3-25
2025-04-17 14:20:33,262 INFO o.a.j.t.JMeterThread: Thread started: Scenario 1: Get Cars List 1-28
2025-04-17 14:20:33,269 INFO o.a.j.t.JMeterThread: Thread is done: Scenario 1: Get Cars List 1-28
2025-04-17 14:20:33,269 INFO o.a.j.t.JMeterThread: Thread finished: Scenario 1: Get Cars List 1-28
2025-04-17 14:20:33,289 INFO o.a.j.t.JMeterThread: Thread started: Scenario 2: Rent Cars 2-28
2025-04-17 14:20:33,294 INFO o.a.j.t.JMeterThread: Thread is done: Scenario 2: Rent Cars 2-28
2025-04-17 14:20:33,294 INFO o.a.j.t.JMeterThread: Thread finished: Scenario 2: Rent Cars 2-28
2025-04-17 14:20:33,778 INFO o.a.j.t.JMeterThread: Thread started: Scenario 3: Return Cars 3-26
2025-04-17 14:20:33,784 INFO o.a.j.t.JMeterThread: Thread is done: Scenario 3: Return Cars 3-26
2025-04-17 14:20:33,784 INFO o.a.j.t.JMeterThread: Thread finished: Scenario 3: Return Cars 3-26
2025-04-17 14:20:33,862 INFO o.a.j.t.JMeterThread: Thread started: Scenario 1: Get Cars List 1-29
2025-04-17 14:20:33,868 INFO o.a.j.t.JMeterThread: Thread is done: Scenario 1: Get Cars List 1-29
2025-04-17 14:20:33,868 INFO o.a.j.t.JMeterThread: Thread finished: Scenario 1: Get Cars List 1-29
2025-04-17 14:20:33,890 INFO o.a.j.t.JMeterThread: Thread started: Scenario 2: Rent Cars 2-29
2025-04-17 14:20:33,896 INFO o.a.j.t.JMeterThread: Thread is done: Scenario 2: Rent Cars 2-29
2025-04-17 14:20:33,896 INFO o.a.j.t.JMeterThread: Thread finished: Scenario 2: Rent Cars 2-29
2025-04-17 14:20:34,446 INFO o.a.j.t.JMeterThread: Thread started: Scenario 3: Return Cars 3-27
2025-04-17 14:20:34,452 INFO o.a.j.t.JMeterThread: Thread is done: Scenario 3: Return Cars 3-27
2025-04-17 14:20:34,452 INFO o.a.j.t.JMeterThread: Thread finished: Scenario 3: Return Cars 3-27
2025-04-17 14:20:34,463 INFO o.a.j.t.JMeterThread: Thread started: Scenario 1: Get Cars List 1-30
2025-04-17 14:20:34,468 INFO o.a.j.t.JMeterThread: Thread is done: Scenario 1: Get Cars List 1-30
2025-04-17 14:20:34,468 INFO o.a.j.t.JMeterThread: Thread finished: Scenario 1: Get Cars List 1-30
2025-04-17 14:20:34,491 INFO o.a.j.t.JMeterThread: Thread started: Scenario 2: Rent Cars 2-30
2025-04-17 14:20:34,496 INFO o.a.j.t.JMeterThread: Thread is done: Scenario 2: Rent Cars 2-30
2025-04-17 14:20:34,496 INFO o.a.j.t.JMeterThread: Thread finished: Scenario 2: Rent Cars 2-30
2025-04-17 14:20:35,062 INFO o.a.j.t.JMeterThread: Thread started: Scenario 1: Get Cars List 1-31
2025-04-17 14:20:35,067 INFO o.a.j.t.JMeterThread: Thread is done: Scenario 1: Get Cars List 1-31
2025-04-17 14:20:35,067 INFO o.a.j.t.JMeterThread: Thread finished: Scenario 1: Get Cars List 1-31
2025-04-17 14:20:35,091 INFO o.a.j.t.JMeterThread: Thread started: Scenario 2: Rent Cars 2-31
2025-04-17 14:20:35,114 INFO o.a.j.t.JMeterThread: Thread started: Scenario 3: Return Cars 3-28
2025-04-17 14:20:35,119 INFO o.a.j.t.JMeterThread: Thread is done: Scenario 2: Rent Cars 2-31
2025-04-17 14:20:35,119 INFO o.a.j.t.JMeterThread: Thread is done: Scenario 3: Return Cars 3-28
2025-04-17 14:20:35,119 INFO o.a.j.t.JMeterThread: Thread finished: Scenario 2: Rent Cars 2-31
2025-04-17 14:20:35,119 INFO o.a.j.t.JMeterThread: Thread finished: Scenario 3: Return Cars 3-28
2025-04-17 14:20:35,662 INFO o.a.j.t.JMeterThread: Thread started: Scenario 1: Get Cars List 1-32
2025-04-17 14:20:35,669 INFO o.a.j.t.JMeterThread: Thread is done: Scenario 1: Get Cars List 1-32
2025-04-17 14:20:35,669 INFO o.a.j.t.JMeterThread: Thread finished: Scenario 1: Get Cars List 1-32
2025-04-17 14:20:35,689 INFO o.a.j.t.JMeterThread: Thread started: Scenario 2: Rent Cars 2-32
2025-04-17 14:20:35,694 INFO o.a.j.t.JMeterThread: Thread is done: Scenario 2: Rent Cars 2-32
2025-04-17 14:20:35,694 INFO o.a.j.t.JMeterThread: Thread finished: Scenario 2: Rent Cars 2-32
2025-04-17 14:20:35,781 INFO o.a.j.t.JMeterThread: Thread started: Scenario 3: Return Cars 3-29
2025-04-17 14:20:35,787 INFO o.a.j.t.JMeterThread: Thread is done: Scenario 3: Return Cars 3-29
2025-04-17 14:20:35,787 INFO o.a.j.t.JMeterThread: Thread finished: Scenario 3: Return Cars 3-29
2025-04-17 14:20:36,263 INFO o.a.j.t.JMeterThread: Thread started: Scenario 1: Get Cars List 1-33
2025-04-17 14:20:36,268 INFO o.a.j.t.JMeterThread: Thread is done: Scenario 1: Get Cars List 1-33
2025-04-17 14:20:36,268 INFO o.a.j.t.JMeterThread: Thread finished: Scenario 1: Get Cars List 1-33
2025-04-17 14:20:36,289 INFO o.a.j.t.JMeterThread: Thread started: Scenario 2: Rent Cars 2-33
2025-04-17 14:20:36,296 INFO o.a.j.t.JMeterThread: Thread is done: Scenario 2: Rent Cars 2-33
2025-04-17 14:20:36,296 INFO o.a.j.t.JMeterThread: Thread finished: Scenario 2: Rent Cars 2-33
2025-04-17 14:20:36,446 INFO o.a.j.t.JMeterThread: Thread started: Scenario 3: Return Cars 3-30
2025-04-17 14:20:36,451 INFO o.a.j.t.JMeterThread: Thread is done: Scenario 3: Return Cars 3-30
2025-04-17 14:20:36,452 INFO o.a.j.t.JMeterThread: Thread finished: Scenario 3: Return Cars 3-30
2025-04-17 14:20:36,864 INFO o.a.j.t.JMeterThread: Thread started: Scenario 1: Get Cars List 1-34
2025-04-17 14:20:36,869 INFO o.a.j.t.JMeterThread: Thread is done: Scenario 1: Get Cars List 1-34
2025-04-17 14:20:36,870 INFO o.a.j.t.JMeterThread: Thread finished: Scenario 1: Get Cars List 1-34
2025-04-17 14:20:36,889 INFO o.a.j.t.JMeterThread: Thread started: Scenario 2: Rent Cars 2-34
2025-04-17 14:20:36,895 INFO o.a.j.t.JMeterThread: Thread is done: Scenario 2: Rent Cars 2-34
2025-04-17 14:20:36,895 INFO o.a.j.t.JMeterThread: Thread finished: Scenario 2: Rent Cars 2-34
2025-04-17 14:20:37,463 INFO o.a.j.t.JMeterThread: Thread started: Scenario 1: Get Cars List 1-35
2025-04-17 14:20:37,467 INFO o.a.j.t.JMeterThread: Thread is done: Scenario 1: Get Cars List 1-35
2025-04-17 14:20:37,468 INFO o.a.j.t.JMeterThread: Thread finished: Scenario 1: Get Cars List 1-35
2025-04-17 14:20:37,490 INFO o.a.j.t.JMeterThread: Thread started: Scenario 2: Rent Cars 2-35
2025-04-17 14:20:37,495 INFO o.a.j.t.JMeterThread: Thread is done: Scenario 2: Rent Cars 2-35
2025-04-17 14:20:37,495 INFO o.a.j.t.JMeterThread: Thread finished: Scenario 2: Rent Cars 2-35
2025-04-17 14:20:38,062 INFO o.a.j.t.JMeterThread: Thread started: Scenario 1: Get Cars List 1-36
2025-04-17 14:20:38,075 INFO o.a.j.t.JMeterThread: Thread is done: Scenario 1: Get Cars List 1-36
2025-04-17 14:20:38,075 INFO o.a.j.t.JMeterThread: Thread finished: Scenario 1: Get Cars List 1-36
2025-04-17 14:20:38,090 INFO o.a.j.t.JMeterThread: Thread started: Scenario 2: Rent Cars 2-36
2025-04-17 14:20:38,095 INFO o.a.j.t.JMeterThread: Thread is done: Scenario 2: Rent Cars 2-36
2025-04-17 14:20:38,095 INFO o.a.j.t.JMeterThread: Thread finished: Scenario 2: Rent Cars 2-36
2025-04-17 14:20:38,663 INFO o.a.j.t.JMeterThread: Thread started: Scenario 1: Get Cars List 1-37
2025-04-17 14:20:38,674 INFO o.a.j.t.JMeterThread: Thread is done: Scenario 1: Get Cars List 1-37
2025-04-17 14:20:38,674 INFO o.a.j.t.JMeterThread: Thread finished: Scenario 1: Get Cars List 1-37
2025-04-17 14:20:38,690 INFO o.a.j.t.JMeterThread: Thread started: Scenario 2: Rent Cars 2-37
2025-04-17 14:20:38,693 INFO o.a.j.t.JMeterThread: Thread is done: Scenario 2: Rent Cars 2-37
2025-04-17 14:20:38,693 INFO o.a.j.t.JMeterThread: Thread finished: Scenario 2: Rent Cars 2-37
2025-04-17 14:20:39,262 INFO o.a.j.t.JMeterThread: Thread started: Scenario 1: Get Cars List 1-38
2025-04-17 14:20:39,267 INFO o.a.j.t.JMeterThread: Thread is done: Scenario 1: Get Cars List 1-38
2025-04-17 14:20:39,267 INFO o.a.j.t.JMeterThread: Thread finished: Scenario 1: Get Cars List 1-38
2025-04-17 14:20:39,291 INFO o.a.j.t.JMeterThread: Thread started: Scenario 2: Rent Cars 2-38
2025-04-17 14:20:39,296 INFO o.a.j.t.JMeterThread: Thread is done: Scenario 2: Rent Cars 2-38
2025-04-17 14:20:39,296 INFO o.a.j.t.JMeterThread: Thread finished: Scenario 2: Rent Cars 2-38
2025-04-17 14:20:39,863 INFO o.a.j.t.JMeterThread: Thread started: Scenario 1: Get Cars List 1-39
2025-04-17 14:20:39,875 INFO o.a.j.t.JMeterThread: Thread is done: Scenario 1: Get Cars List 1-39
2025-04-17 14:20:39,875 INFO o.a.j.t.JMeterThread: Thread finished: Scenario 1: Get Cars List 1-39
2025-04-17 14:20:39,890 INFO o.a.j.t.JMeterThread: Thread started: Scenario 2: Rent Cars 2-39
2025-04-17 14:20:39,895 INFO o.a.j.t.JMeterThread: Thread is done: Scenario 2: Rent Cars 2-39
2025-04-17 14:20:39,895 INFO o.a.j.t.JMeterThread: Thread finished: Scenario 2: Rent Cars 2-39
2025-04-17 14:20:40,463 INFO o.a.j.t.JMeterThread: Thread started: Scenario 1: Get Cars List 1-40
2025-04-17 14:20:40,468 INFO o.a.j.t.JMeterThread: Thread is done: Scenario 1: Get Cars List 1-40
2025-04-17 14:20:40,468 INFO o.a.j.t.JMeterThread: Thread finished: Scenario 1: Get Cars List 1-40
2025-04-17 14:20:40,489 INFO o.a.j.t.JMeterThread: Thread started: Scenario 2: Rent Cars 2-40
2025-04-17 14:20:40,494 INFO o.a.j.t.JMeterThread: Thread is done: Scenario 2: Rent Cars 2-40
2025-04-17 14:20:40,494 INFO o.a.j.t.JMeterThread: Thread finished: Scenario 2: Rent Cars 2-40
2025-04-17 14:20:41,063 INFO o.a.j.t.JMeterThread: Thread started: Scenario 1: Get Cars List 1-41
2025-04-17 14:20:41,067 INFO o.a.j.t.JMeterThread: Thread is done: Scenario 1: Get Cars List 1-41
2025-04-17 14:20:41,067 INFO o.a.j.t.JMeterThread: Thread finished: Scenario 1: Get Cars List 1-41
2025-04-17 14:20:41,089 INFO o.a.j.t.JMeterThread: Thread started: Scenario 2: Rent Cars 2-41
2025-04-17 14:20:41,093 INFO o.a.j.t.JMeterThread: Thread is done: Scenario 2: Rent Cars 2-41
2025-04-17 14:20:41,094 INFO o.a.j.t.JMeterThread: Thread finished: Scenario 2: Rent Cars 2-41
2025-04-17 14:20:41,662 INFO o.a.j.t.JMeterThread: Thread started: Scenario 1: Get Cars List 1-42
2025-04-17 14:20:41,668 INFO o.a.j.t.JMeterThread: Thread is done: Scenario 1: Get Cars List 1-42
2025-04-17 14:20:41,668 INFO o.a.j.t.JMeterThread: Thread finished: Scenario 1: Get Cars List 1-42
2025-04-17 14:20:41,689 INFO o.a.j.t.JMeterThread: Thread started: Scenario 2: Rent Cars 2-42
2025-04-17 14:20:41,694 INFO o.a.j.t.JMeterThread: Thread is done: Scenario 2: Rent Cars 2-42
2025-04-17 14:20:41,694 INFO o.a.j.t.JMeterThread: Thread finished: Scenario 2: Rent Cars 2-42
2025-04-17 14:20:42,264 INFO o.a.j.t.JMeterThread: Thread started: Scenario 1: Get Cars List 1-43
2025-04-17 14:20:42,268 INFO o.a.j.t.JMeterThread: Thread is done: Scenario 1: Get Cars List 1-43
2025-04-17 14:20:42,269 INFO o.a.j.t.JMeterThread: Thread finished: Scenario 1: Get Cars List 1-43
2025-04-17 14:20:42,290 INFO o.a.j.t.JMeterThread: Thread started: Scenario 2: Rent Cars 2-43
2025-04-17 14:20:42,295 INFO o.a.j.t.JMeterThread: Thread is done: Scenario 2: Rent Cars 2-43
2025-04-17 14:20:42,295 INFO o.a.j.t.JMeterThread: Thread finished: Scenario 2: Rent Cars 2-43
2025-04-17 14:20:42,863 INFO o.a.j.t.JMeterThread: Thread started: Scenario 1: Get Cars List 1-44
2025-04-17 14:20:42,867 INFO o.a.j.t.JMeterThread: Thread is done: Scenario 1: Get Cars List 1-44
2025-04-17 14:20:42,867 INFO o.a.j.t.JMeterThread: Thread finished: Scenario 1: Get Cars List 1-44
2025-04-17 14:20:42,890 INFO o.a.j.t.JMeterThread: Thread started: Scenario 2: Rent Cars 2-44
2025-04-17 14:20:42,895 INFO o.a.j.t.JMeterThread: Thread is done: Scenario 2: Rent Cars 2-44
2025-04-17 14:20:42,895 INFO o.a.j.t.JMeterThread: Thread finished: Scenario 2: Rent Cars 2-44
2025-04-17 14:20:43,463 INFO o.a.j.t.JMeterThread: Thread started: Scenario 1: Get Cars List 1-45
2025-04-17 14:20:43,467 INFO o.a.j.t.JMeterThread: Thread is done: Scenario 1: Get Cars List 1-45
2025-04-17 14:20:43,467 INFO o.a.j.t.JMeterThread: Thread finished: Scenario 1: Get Cars List 1-45
2025-04-17 14:20:43,489 INFO o.a.j.t.JMeterThread: Thread started: Scenario 2: Rent Cars 2-45
2025-04-17 14:20:43,493 INFO o.a.j.t.JMeterThread: Thread is done: Scenario 2: Rent Cars 2-45
2025-04-17 14:20:43,494 INFO o.a.j.t.JMeterThread: Thread finished: Scenario 2: Rent Cars 2-45
2025-04-17 14:20:44,063 INFO o.a.j.t.JMeterThread: Thread started: Scenario 1: Get Cars List 1-46
2025-04-17 14:20:44,068 INFO o.a.j.t.JMeterThread: Thread is done: Scenario 1: Get Cars List 1-46
2025-04-17 14:20:44,068 INFO o.a.j.t.JMeterThread: Thread finished: Scenario 1: Get Cars List 1-46
2025-04-17 14:20:44,089 INFO o.a.j.t.JMeterThread: Thread started: Scenario 2: Rent Cars 2-46
2025-04-17 14:20:44,094 INFO o.a.j.t.JMeterThread: Thread is done: Scenario 2: Rent Cars 2-46
2025-04-17 14:20:44,094 INFO o.a.j.t.JMeterThread: Thread finished: Scenario 2: Rent Cars 2-46
2025-04-17 14:20:44,663 INFO o.a.j.t.JMeterThread: Thread started: Scenario 1: Get Cars List 1-47
2025-04-17 14:20:44,675 INFO o.a.j.t.JMeterThread: Thread is done: Scenario 1: Get Cars List 1-47
2025-04-17 14:20:44,675 INFO o.a.j.t.JMeterThread: Thread finished: Scenario 1: Get Cars List 1-47
2025-04-17 14:20:44,690 INFO o.a.j.t.JMeterThread: Thread started: Scenario 2: Rent Cars 2-47
2025-04-17 14:20:44,695 INFO o.a.j.t.JMeterThread: Thread is done: Scenario 2: Rent Cars 2-47
2025-04-17 14:20:44,695 INFO o.a.j.t.JMeterThread: Thread finished: Scenario 2: Rent Cars 2-47
2025-04-17 14:20:45,263 INFO o.a.j.t.JMeterThread: Thread started: Scenario 1: Get Cars List 1-48
2025-04-17 14:20:45,267 INFO o.a.j.t.JMeterThread: Thread is done: Scenario 1: Get Cars List 1-48
2025-04-17 14:20:45,268 INFO o.a.j.t.JMeterThread: Thread finished: Scenario 1: Get Cars List 1-48
2025-04-17 14:20:45,291 INFO o.a.j.t.JMeterThread: Thread started: Scenario 2: Rent Cars 2-48
2025-04-17 14:20:45,296 INFO o.a.j.t.JMeterThread: Thread is done: Scenario 2: Rent Cars 2-48
2025-04-17 14:20:45,296 INFO o.a.j.t.JMeterThread: Thread finished: Scenario 2: Rent Cars 2-48
2025-04-17 14:20:45,863 INFO o.a.j.t.JMeterThread: Thread started: Scenario 1: Get Cars List 1-49
2025-04-17 14:20:45,875 INFO o.a.j.t.JMeterThread: Thread is done: Scenario 1: Get Cars List 1-49
2025-04-17 14:20:45,875 INFO o.a.j.t.JMeterThread: Thread finished: Scenario 1: Get Cars List 1-49
2025-04-17 14:20:45,890 INFO o.a.j.t.JMeterThread: Thread started: Scenario 2: Rent Cars 2-49
2025-04-17 14:20:45,895 INFO o.a.j.t.JMeterThread: Thread is done: Scenario 2: Rent Cars 2-49
2025-04-17 14:20:45,895 INFO o.a.j.t.JMeterThread: Thread finished: Scenario 2: Rent Cars 2-49
2025-04-17 14:20:46,462 INFO o.a.j.t.JMeterThread: Thread started: Scenario 1: Get Cars List 1-50
2025-04-17 14:20:46,467 INFO o.a.j.t.JMeterThread: Thread is done: Scenario 1: Get Cars List 1-50
2025-04-17 14:20:46,467 INFO o.a.j.t.JMeterThread: Thread finished: Scenario 1: Get Cars List 1-50
2025-04-17 14:20:46,489 INFO o.a.j.t.JMeterThread: Thread started: Scenario 2: Rent Cars 2-50
2025-04-17 14:20:46,494 INFO o.a.j.t.JMeterThread: Thread is done: Scenario 2: Rent Cars 2-50
2025-04-17 14:20:46,494 INFO o.a.j.t.JMeterThread: Thread finished: Scenario 2: Rent Cars 2-50
2025-04-17 14:20:47,063 INFO o.a.j.t.JMeterThread: Thread started: Scenario 1: Get Cars List 1-51
2025-04-17 14:20:47,071 INFO o.a.j.t.JMeterThread: Thread is done: Scenario 1: Get Cars List 1-51
2025-04-17 14:20:47,071 INFO o.a.j.t.JMeterThread: Thread finished: Scenario 1: Get Cars List 1-51
2025-04-17 14:20:47,663 INFO o.a.j.t.JMeterThread: Thread started: Scenario 1: Get Cars List 1-52
2025-04-17 14:20:47,689 INFO o.a.j.t.JMeterThread: Thread is done: Scenario 1: Get Cars List 1-52
2025-04-17 14:20:47,690 INFO o.a.j.t.JMeterThread: Thread finished: Scenario 1: Get Cars List 1-52
2025-04-17 14:20:48,262 INFO o.a.j.t.JMeterThread: Thread started: Scenario 1: Get Cars List 1-53
2025-04-17 14:20:48,266 INFO o.a.j.t.JMeterThread: Thread is done: Scenario 1: Get Cars List 1-53
2025-04-17 14:20:48,267 INFO o.a.j.t.JMeterThread: Thread finished: Scenario 1: Get Cars List 1-53
2025-04-17 14:20:48,862 INFO o.a.j.t.JMeterThread: Thread started: Scenario 1: Get Cars List 1-54
2025-04-17 14:20:48,865 INFO o.a.j.t.JMeterThread: Thread is done: Scenario 1: Get Cars List 1-54
2025-04-17 14:20:48,865 INFO o.a.j.t.JMeterThread: Thread finished: Scenario 1: Get Cars List 1-54
2025-04-17 14:20:49,463 INFO o.a.j.t.JMeterThread: Thread started: Scenario 1: Get Cars List 1-55
2025-04-17 14:20:49,466 INFO o.a.j.t.JMeterThread: Thread is done: Scenario 1: Get Cars List 1-55
2025-04-17 14:20:49,466 INFO o.a.j.t.JMeterThread: Thread finished: Scenario 1: Get Cars List 1-55
2025-04-17 14:20:50,063 INFO o.a.j.t.JMeterThread: Thread started: Scenario 1: Get Cars List 1-56
2025-04-17 14:20:50,067 INFO o.a.j.t.JMeterThread: Thread is done: Scenario 1: Get Cars List 1-56
2025-04-17 14:20:50,067 INFO o.a.j.t.JMeterThread: Thread finished: Scenario 1: Get Cars List 1-56
2025-04-17 14:20:50,662 INFO o.a.j.t.JMeterThread: Thread started: Scenario 1: Get Cars List 1-57
2025-04-17 14:20:50,669 INFO o.a.j.t.JMeterThread: Thread is done: Scenario 1: Get Cars List 1-57
2025-04-17 14:20:50,669 INFO o.a.j.t.JMeterThread: Thread finished: Scenario 1: Get Cars List 1-57
2025-04-17 14:20:51,262 INFO o.a.j.t.JMeterThread: Thread started: Scenario 1: Get Cars List 1-58
2025-04-17 14:20:51,275 INFO o.a.j.t.JMeterThread: Thread is done: Scenario 1: Get Cars List 1-58
2025-04-17 14:20:51,275 INFO o.a.j.t.JMeterThread: Thread finished: Scenario 1: Get Cars List 1-58
2025-04-17 14:20:51,862 INFO o.a.j.t.JMeterThread: Thread started: Scenario 1: Get Cars List 1-59
2025-04-17 14:20:51,867 INFO o.a.j.t.JMeterThread: Thread is done: Scenario 1: Get Cars List 1-59
2025-04-17 14:20:51,867 INFO o.a.j.t.JMeterThread: Thread finished: Scenario 1: Get Cars List 1-59
2025-04-17 14:20:52,464 INFO o.a.j.t.JMeterThread: Thread started: Scenario 1: Get Cars List 1-60
2025-04-17 14:20:52,467 INFO o.a.j.t.JMeterThread: Thread is done: Scenario 1: Get Cars List 1-60
2025-04-17 14:20:52,468 INFO o.a.j.t.JMeterThread: Thread finished: Scenario 1: Get Cars List 1-60
2025-04-17 14:20:53,062 INFO o.a.j.t.JMeterThread: Thread started: Scenario 1: Get Cars List 1-61
2025-04-17 14:20:53,074 INFO o.a.j.t.JMeterThread: Thread is done: Scenario 1: Get Cars List 1-61
2025-04-17 14:20:53,075 INFO o.a.j.t.JMeterThread: Thread finished: Scenario 1: Get Cars List 1-61
2025-04-17 14:20:53,662 INFO o.a.j.t.JMeterThread: Thread started: Scenario 1: Get Cars List 1-62
2025-04-17 14:20:53,673 INFO o.a.j.t.JMeterThread: Thread is done: Scenario 1: Get Cars List 1-62
2025-04-17 14:20:53,673 INFO o.a.j.t.JMeterThread: Thread finished: Scenario 1: Get Cars List 1-62
2025-04-17 14:20:54,262 INFO o.a.j.t.JMeterThread: Thread started: Scenario 1: Get Cars List 1-63
2025-04-17 14:20:54,266 INFO o.a.j.t.JMeterThread: Thread is done: Scenario 1: Get Cars List 1-63
2025-04-17 14:20:54,266 INFO o.a.j.t.JMeterThread: Thread finished: Scenario 1: Get Cars List 1-63
2025-04-17 14:20:54,863 INFO o.a.j.t.JMeterThread: Thread started: Scenario 1: Get Cars List 1-64
2025-04-17 14:20:54,867 INFO o.a.j.t.JMeterThread: Thread is done: Scenario 1: Get Cars List 1-64
2025-04-17 14:20:54,867 INFO o.a.j.t.JMeterThread: Thread finished: Scenario 1: Get Cars List 1-64
2025-04-17 14:20:55,462 INFO o.a.j.t.JMeterThread: Thread started: Scenario 1: Get Cars List 1-65
2025-04-17 14:20:55,467 INFO o.a.j.t.JMeterThread: Thread is done: Scenario 1: Get Cars List 1-65
2025-04-17 14:20:55,467 INFO o.a.j.t.JMeterThread: Thread finished: Scenario 1: Get Cars List 1-65
2025-04-17 14:20:56,062 INFO o.a.j.t.JMeterThread: Thread started: Scenario 1: Get Cars List 1-66
2025-04-17 14:20:56,066 INFO o.a.j.t.JMeterThread: Thread is done: Scenario 1: Get Cars List 1-66
2025-04-17 14:20:56,066 INFO o.a.j.t.JMeterThread: Thread finished: Scenario 1: Get Cars List 1-66
2025-04-17 14:20:56,662 INFO o.a.j.t.JMeterThread: Thread started: Scenario 1: Get Cars List 1-67
2025-04-17 14:20:56,666 INFO o.a.j.t.JMeterThread: Thread is done: Scenario 1: Get Cars List 1-67
2025-04-17 14:20:56,666 INFO o.a.j.t.JMeterThread: Thread finished: Scenario 1: Get Cars List 1-67
2025-04-17 14:20:57,263 INFO o.a.j.t.JMeterThread: Thread started: Scenario 1: Get Cars List 1-68
2025-04-17 14:20:57,269 INFO o.a.j.t.JMeterThread: Thread is done: Scenario 1: Get Cars List 1-68
2025-04-17 14:20:57,269 INFO o.a.j.t.JMeterThread: Thread finished: Scenario 1: Get Cars List 1-68
2025-04-17 14:20:57,863 INFO o.a.j.t.JMeterThread: Thread started: Scenario 1: Get Cars List 1-69
2025-04-17 14:20:57,867 INFO o.a.j.t.JMeterThread: Thread is done: Scenario 1: Get Cars List 1-69
2025-04-17 14:20:57,868 INFO o.a.j.t.JMeterThread: Thread finished: Scenario 1: Get Cars List 1-69
2025-04-17 14:20:58,462 INFO o.a.j.t.JMeterThread: Thread started: Scenario 1: Get Cars List 1-70
2025-04-17 14:20:58,466 INFO o.a.j.t.JMeterThread: Thread is done: Scenario 1: Get Cars List 1-70
2025-04-17 14:20:58,467 INFO o.a.j.t.JMeterThread: Thread finished: Scenario 1: Get Cars List 1-70
2025-04-17 14:20:59,062 INFO o.a.j.t.JMeterThread: Thread started: Scenario 1: Get Cars List 1-71
2025-04-17 14:20:59,066 INFO o.a.j.t.JMeterThread: Thread is done: Scenario 1: Get Cars List 1-71
2025-04-17 14:20:59,066 INFO o.a.j.t.JMeterThread: Thread finished: Scenario 1: Get Cars List 1-71
2025-04-17 14:20:59,663 INFO o.a.j.t.JMeterThread: Thread started: Scenario 1: Get Cars List 1-72
2025-04-17 14:20:59,667 INFO o.a.j.t.JMeterThread: Thread is done: Scenario 1: Get Cars List 1-72
2025-04-17 14:20:59,667 INFO o.a.j.t.JMeterThread: Thread finished: Scenario 1: Get Cars List 1-72
2025-04-17 14:21:00,263 INFO o.a.j.t.JMeterThread: Thread started: Scenario 1: Get Cars List 1-73
2025-04-17 14:21:00,268 INFO o.a.j.t.JMeterThread: Thread is done: Scenario 1: Get Cars List 1-73
2025-04-17 14:21:00,268 INFO o.a.j.t.JMeterThread: Thread finished: Scenario 1: Get Cars List 1-73
2025-04-17 14:21:00,862 INFO o.a.j.t.JMeterThread: Thread started: Scenario 1: Get Cars List 1-74
2025-04-17 14:21:00,866 INFO o.a.j.t.JMeterThread: Thread is done: Scenario 1: Get Cars List 1-74
2025-04-17 14:21:00,866 INFO o.a.j.t.JMeterThread: Thread finished: Scenario 1: Get Cars List 1-74
2025-04-17 14:21:01,462 INFO o.a.j.t.JMeterThread: Thread started: Scenario 1: Get Cars List 1-75
2025-04-17 14:21:01,467 INFO o.a.j.t.JMeterThread: Thread is done: Scenario 1: Get Cars List 1-75
2025-04-17 14:21:01,467 INFO o.a.j.t.JMeterThread: Thread finished: Scenario 1: Get Cars List 1-75
2025-04-17 14:21:02,062 INFO o.a.j.t.JMeterThread: Thread started: Scenario 1: Get Cars List 1-76
2025-04-17 14:21:02,067 INFO o.a.j.t.JMeterThread: Thread is done: Scenario 1: Get Cars List 1-76
2025-04-17 14:21:02,067 INFO o.a.j.t.JMeterThread: Thread finished: Scenario 1: Get Cars List 1-76
2025-04-17 14:21:02,663 INFO o.a.j.t.JMeterThread: Thread started: Scenario 1: Get Cars List 1-77
2025-04-17 14:21:02,667 INFO o.a.j.t.JMeterThread: Thread is done: Scenario 1: Get Cars List 1-77
2025-04-17 14:21:02,667 INFO o.a.j.t.JMeterThread: Thread finished: Scenario 1: Get Cars List 1-77
2025-04-17 14:21:03,264 INFO o.a.j.t.JMeterThread: Thread started: Scenario 1: Get Cars List 1-78
2025-04-17 14:21:03,276 INFO o.a.j.t.JMeterThread: Thread is done: Scenario 1: Get Cars List 1-78
2025-04-17 14:21:03,276 INFO o.a.j.t.JMeterThread: Thread finished: Scenario 1: Get Cars List 1-78
2025-04-17 14:21:03,862 INFO o.a.j.t.JMeterThread: Thread started: Scenario 1: Get Cars List 1-79
2025-04-17 14:21:03,866 INFO o.a.j.t.JMeterThread: Thread is done: Scenario 1: Get Cars List 1-79
2025-04-17 14:21:03,866 INFO o.a.j.t.JMeterThread: Thread finished: Scenario 1: Get Cars List 1-79
2025-04-17 14:21:04,463 INFO o.a.j.t.JMeterThread: Thread started: Scenario 1: Get Cars List 1-80
2025-04-17 14:21:04,467 INFO o.a.j.t.JMeterThread: Thread is done: Scenario 1: Get Cars List 1-80
2025-04-17 14:21:04,468 INFO o.a.j.t.JMeterThread: Thread finished: Scenario 1: Get Cars List 1-80
2025-04-17 14:21:05,063 INFO o.a.j.t.JMeterThread: Thread started: Scenario 1: Get Cars List 1-81
2025-04-17 14:21:05,066 INFO o.a.j.t.JMeterThread: Thread is done: Scenario 1: Get Cars List 1-81
2025-04-17 14:21:05,066 INFO o.a.j.t.JMeterThread: Thread finished: Scenario 1: Get Cars List 1-81
2025-04-17 14:21:05,662 INFO o.a.j.t.JMeterThread: Thread started: Scenario 1: Get Cars List 1-82
2025-04-17 14:21:05,666 INFO o.a.j.t.JMeterThread: Thread is done: Scenario 1: Get Cars List 1-82
2025-04-17 14:21:05,666 INFO o.a.j.t.JMeterThread: Thread finished: Scenario 1: Get Cars List 1-82
2025-04-17 14:21:06,264 INFO o.a.j.t.JMeterThread: Thread started: Scenario 1: Get Cars List 1-83
2025-04-17 14:21:06,268 INFO o.a.j.t.JMeterThread: Thread is done: Scenario 1: Get Cars List 1-83
2025-04-17 14:21:06,268 INFO o.a.j.t.JMeterThread: Thread finished: Scenario 1: Get Cars List 1-83
2025-04-17 14:21:06,862 INFO o.a.j.t.JMeterThread: Thread started: Scenario 1: Get Cars List 1-84
2025-04-17 14:21:06,866 INFO o.a.j.t.JMeterThread: Thread is done: Scenario 1: Get Cars List 1-84
2025-04-17 14:21:06,866 INFO o.a.j.t.JMeterThread: Thread finished: Scenario 1: Get Cars List 1-84
2025-04-17 14:21:07,463 INFO o.a.j.t.JMeterThread: Thread started: Scenario 1: Get Cars List 1-85
2025-04-17 14:21:07,466 INFO o.a.j.t.JMeterThread: Thread is done: Scenario 1: Get Cars List 1-85
2025-04-17 14:21:07,466 INFO o.a.j.t.JMeterThread: Thread finished: Scenario 1: Get Cars List 1-85
2025-04-17 14:21:08,063 INFO o.a.j.t.JMeterThread: Thread started: Scenario 1: Get Cars List 1-86
2025-04-17 14:21:08,067 INFO o.a.j.t.JMeterThread: Thread is done: Scenario 1: Get Cars List 1-86
2025-04-17 14:21:08,067 INFO o.a.j.t.JMeterThread: Thread finished: Scenario 1: Get Cars List 1-86
2025-04-17 14:21:08,663 INFO o.a.j.t.JMeterThread: Thread started: Scenario 1: Get Cars List 1-87
2025-04-17 14:21:08,666 INFO o.a.j.t.JMeterThread: Thread is done: Scenario 1: Get Cars List 1-87
2025-04-17 14:21:08,666 INFO o.a.j.t.JMeterThread: Thread finished: Scenario 1: Get Cars List 1-87
2025-04-17 14:21:09,263 INFO o.a.j.t.JMeterThread: Thread started: Scenario 1: Get Cars List 1-88
2025-04-17 14:21:09,269 INFO o.a.j.t.JMeterThread: Thread is done: Scenario 1: Get Cars List 1-88
2025-04-17 14:21:09,269 INFO o.a.j.t.JMeterThread: Thread finished: Scenario 1: Get Cars List 1-88
2025-04-17 14:21:09,863 INFO o.a.j.t.JMeterThread: Thread started: Scenario 1: Get Cars List 1-89
2025-04-17 14:21:09,867 INFO o.a.j.t.JMeterThread: Thread is done: Scenario 1: Get Cars List 1-89
2025-04-17 14:21:09,867 INFO o.a.j.t.JMeterThread: Thread finished: Scenario 1: Get Cars List 1-89
2025-04-17 14:21:10,462 INFO o.a.j.t.JMeterThread: Thread started: Scenario 1: Get Cars List 1-90
2025-04-17 14:21:10,466 INFO o.a.j.t.JMeterThread: Thread is done: Scenario 1: Get Cars List 1-90
2025-04-17 14:21:10,466 INFO o.a.j.t.JMeterThread: Thread finished: Scenario 1: Get Cars List 1-90
2025-04-17 14:21:11,062 INFO o.a.j.t.JMeterThread: Thread started: Scenario 1: Get Cars List 1-91
2025-04-17 14:21:11,066 INFO o.a.j.t.JMeterThread: Thread is done: Scenario 1: Get Cars List 1-91
2025-04-17 14:21:11,066 INFO o.a.j.t.JMeterThread: Thread finished: Scenario 1: Get Cars List 1-91
2025-04-17 14:21:11,663 INFO o.a.j.t.JMeterThread: Thread started: Scenario 1: Get Cars List 1-92
2025-04-17 14:21:11,667 INFO o.a.j.t.JMeterThread: Thread is done: Scenario 1: Get Cars List 1-92
2025-04-17 14:21:11,667 INFO o.a.j.t.JMeterThread: Thread finished: Scenario 1: Get Cars List 1-92
2025-04-17 14:21:12,262 INFO o.a.j.t.JMeterThread: Thread started: Scenario 1: Get Cars List 1-93
2025-04-17 14:21:12,266 INFO o.a.j.t.JMeterThread: Thread is done: Scenario 1: Get Cars List 1-93
2025-04-17 14:21:12,266 INFO o.a.j.t.JMeterThread: Thread finished: Scenario 1: Get Cars List 1-93
2025-04-17 14:21:12,863 INFO o.a.j.t.JMeterThread: Thread started: Scenario 1: Get Cars List 1-94
2025-04-17 14:21:12,867 INFO o.a.j.t.JMeterThread: Thread is done: Scenario 1: Get Cars List 1-94
2025-04-17 14:21:12,867 INFO o.a.j.t.JMeterThread: Thread finished: Scenario 1: Get Cars List 1-94
2025-04-17 14:21:13,463 INFO o.a.j.t.JMeterThread: Thread started: Scenario 1: Get Cars List 1-95
2025-04-17 14:21:13,467 INFO o.a.j.t.JMeterThread: Thread is done: Scenario 1: Get Cars List 1-95
2025-04-17 14:21:13,467 INFO o.a.j.t.JMeterThread: Thread finished: Scenario 1: Get Cars List 1-95
2025-04-17 14:21:14,063 INFO o.a.j.t.JMeterThread: Thread started: Scenario 1: Get Cars List 1-96
2025-04-17 14:21:14,067 INFO o.a.j.t.JMeterThread: Thread is done: Scenario 1: Get Cars List 1-96
2025-04-17 14:21:14,067 INFO o.a.j.t.JMeterThread: Thread finished: Scenario 1: Get Cars List 1-96
2025-04-17 14:21:14,662 INFO o.a.j.t.JMeterThread: Thread started: Scenario 1: Get Cars List 1-97
2025-04-17 14:21:14,666 INFO o.a.j.t.JMeterThread: Thread is done: Scenario 1: Get Cars List 1-97
2025-04-17 14:21:14,666 INFO o.a.j.t.JMeterThread: Thread finished: Scenario 1: Get Cars List 1-97
2025-04-17 14:21:15,263 INFO o.a.j.t.JMeterThread: Thread started: Scenario 1: Get Cars List 1-98
2025-04-17 14:21:15,267 INFO o.a.j.t.JMeterThread: Thread is done: Scenario 1: Get Cars List 1-98
2025-04-17 14:21:15,267 INFO o.a.j.t.JMeterThread: Thread finished: Scenario 1: Get Cars List 1-98
2025-04-17 14:21:15,863 INFO o.a.j.t.JMeterThread: Thread started: Scenario 1: Get Cars List 1-99
2025-04-17 14:21:15,866 INFO o.a.j.t.JMeterThread: Thread is done: Scenario 1: Get Cars List 1-99
2025-04-17 14:21:15,866 INFO o.a.j.t.JMeterThread: Thread finished: Scenario 1: Get Cars List 1-99
2025-04-17 14:21:16,462 INFO o.a.j.t.JMeterThread: Thread started: Scenario 1: Get Cars List 1-100
2025-04-17 14:21:16,466 INFO o.a.j.t.JMeterThread: Thread is done: Scenario 1: Get Cars List 1-100
2025-04-17 14:21:16,466 INFO o.a.j.t.JMeterThread: Thread finished: Scenario 1: Get Cars List 1-100
2025-04-17 14:21:16,466 INFO o.a.j.e.StandardJMeterEngine: Notifying test listeners of end of test
2025-04-17 14:21:16,466 INFO o.a.j.s.FileServer: Close: car_registrations.csv
2025-04-17 14:21:16,467 INFO o.a.j.g.u.JMeterMenuBar: setRunning(false, *local*)
